24-08-18 13:29:18.000 :   task: 0529msrresnet_gan_kd_x2_s4_for nc128 le-4 IR 20000
  model: gan
  gpu_ids: [0]
  scale: 2
  n_channels: 1
  sigma: [0, 50]
  sigma_test: 0
  merge_bn: False
  merge_bn_startpoint: 400000
  path:[
    root: superresolution
    pretrained_netG: None
    pretrained_netD: None
    task: superresolution/0529msrresnet_gan_kd_x2_s4_for nc128 le-4 IR 20000
    log: superresolution/0529msrresnet_gan_kd_x2_s4_for nc128 le-4 IR 20000
    options: superresolution/0529msrresnet_gan_kd_x2_s4_for nc128 le-4 IR 20000/options
    models: superresolution/0529msrresnet_gan_kd_x2_s4_for nc128 le-4 IR 20000/models
    images: superresolution/0529msrresnet_gan_kd_x2_s4_for nc128 le-4 IR 20000/images
  ]
  datasets:[
    train:[
      name: train_dataset
      dataset_type: sr
      dataroot_H: /content/drive/MyDrive/DATA/VHT-DATA/data/train/HD
      dataroot_L: /content/drive/MyDrive/DATA/VHT-DATA/data/train/SD
      H_size: 96
      dataloader_shuffle: True
      dataloader_num_workers: 8
      dataloader_batch_size: 32
      phase: train
      scale: 2
      n_channels: 1
    ]
    test:[
      name: test_dataset
      dataset_type: sr
      dataroot_H: /content/drive/MyDrive/DATA/VHT-DATA/data/val/HD
      dataroot_L: /content/drive/MyDrive/DATA/VHT-DATA/data/val/SD
      phase: test
      scale: 2
      n_channels: 1
    ]
  ]
  netG:[
    net_type: msrresnet0
    en_net_type: D_msrresnet0
    enhance: no_enhance
    in_nc: 1
    out_nc: 1
    nc: 64
    nb: 16
    gc: 32
    ng: 2
    reduction: 16
    act_mode: R
    upsample_mode: upconv
    downsample_mode: strideconv
    init_type: orthogonal
    init_bn_type: uniform
    init_gain: 0.2
    scale: 2
  ]
  netD:[
    net_type: discriminator_vgg_96
    in_nc: 3
    act_mode: BL
    base_nc: 64
    init_type: orthogonal
    init_bn_type: uniform
    init_gain: 0.2
  ]
  train:[
    G_lossfn_type: l1
    G_lossfn_weight: 0.01
    F_lossfn_type: l1
    F_lossfn_weight: 1
    gan_type: ragan
    D_lossfn_weight: 0.005
    D_init_iters: 0
    G_optimizer_type: adam
    G_optimizer_lr: 0.0001
    G_optimizer_wd: 0
    D_optimizer_type: adam
    D_optimizer_lr: 0.0001
    D_optimizer_wd: 0
    G_scheduler_type: MultiStepLR
    G_scheduler_milestones: [100000, 200000, 1200000, 2000000]
    G_scheduler_gamma: 0.5
    D_scheduler_type: MultiStepLR
    D_scheduler_milestones: [100000, 200000, 1200000, 2000000]
    D_scheduler_gamma: 0.5
    checkpoint_test: 1000
    checkpoint_save: 1000
    checkpoint_print: 100
  ]
  opt_path: options/train_kdsrgan.json
  is_train: True

24-08-18 13:29:18.001 : Random seed: 9238
24-08-18 13:29:20.712 : Number of train images: 99, iters: 4
